{"/Users/enriquevillon/Documents/software-engineer/react-native/challengeFemsa/App.tsx": {"path":"/Users/enriquevillon/Documents/software-engineer/react-native/challengeFemsa/App.tsx","statementMap":{"0":{"start":{"line":15,"column":12},"end":{"line":17,"column":1}},"1":{"start":{"line":16,"column":2},"end":{"line":16,"column":24}}},"fnMap":{"0":{"name":"(anonymous_0)","decl":{"start":{"line":15,"column":12},"end":{"line":15,"column":13}},"loc":{"start":{"line":15,"column":18},"end":{"line":17,"column":1}},"line":15}},"branchMap":{},"s":{"0":1,"1":1},"f":{"0":1},"b":{},"_coverageSchema":"1a1c01bbd47fc00a2c39e90264f33305004495a9","hash":"7181ae888d36f83b49b9a5f999b5e4dae0f3169e"}
,"/Users/enriquevillon/Documents/software-engineer/react-native/challengeFemsa/src/api/Api.ts": {"path":"/Users/enriquevillon/Documents/software-engineer/react-native/challengeFemsa/src/api/Api.ts","statementMap":{"0":{"start":{"line":1,"column":24},"end":{"line":1,"column":76}}},"fnMap":{},"branchMap":{},"s":{"0":2},"f":{},"b":{},"_coverageSchema":"1a1c01bbd47fc00a2c39e90264f33305004495a9","hash":"eb69bde59ffe26942df3daf1614c465dfcd3774f"}
,"/Users/enriquevillon/Documents/software-engineer/react-native/challengeFemsa/src/components/CardProductComponent/CardProductComponent.tsx": {"path":"/Users/enriquevillon/Documents/software-engineer/react-native/challengeFemsa/src/components/CardProductComponent/CardProductComponent.tsx","statementMap":{"0":{"start":{"line":21,"column":36},"end":{"line":55,"column":1}},"1":{"start":{"line":29,"column":2},"end":{"line":54,"column":4}},"2":{"start":{"line":57,"column":15},"end":{"line":88,"column":2}}},"fnMap":{"0":{"name":"(anonymous_0)","decl":{"start":{"line":21,"column":36},"end":{"line":21,"column":37}},"loc":{"start":{"line":28,"column":19},"end":{"line":55,"column":1}},"line":28}},"branchMap":{"0":{"loc":{"start":{"line":45,"column":11},"end":{"line":49,"column":11}},"type":"cond-expr","locations":[{"start":{"line":46,"column":12},"end":{"line":46,"column":54}},{"start":{"line":48,"column":12},"end":{"line":48,"column":54}}],"line":45}},"s":{"0":2,"1":2,"2":2},"f":{"0":2},"b":{"0":[0,2]},"_coverageSchema":"1a1c01bbd47fc00a2c39e90264f33305004495a9","hash":"e9f761fea96d7dd28b973481401feb99d32d72ec"}
,"/Users/enriquevillon/Documents/software-engineer/react-native/challengeFemsa/src/components/PrimaryButton/PrimaryButton.tsx": {"path":"/Users/enriquevillon/Documents/software-engineer/react-native/challengeFemsa/src/components/PrimaryButton/PrimaryButton.tsx","statementMap":{"0":{"start":{"line":10,"column":29},"end":{"line":22,"column":1}},"1":{"start":{"line":15,"column":2},"end":{"line":21,"column":4}},"2":{"start":{"line":24,"column":15},"end":{"line":38,"column":2}}},"fnMap":{"0":{"name":"(anonymous_0)","decl":{"start":{"line":10,"column":29},"end":{"line":10,"column":30}},"loc":{"start":{"line":14,"column":22},"end":{"line":22,"column":1}},"line":14}},"branchMap":{"0":{"loc":{"start":{"line":13,"column":2},"end":{"line":13,"column":16}},"type":"default-arg","locations":[{"start":{"line":13,"column":10},"end":{"line":13,"column":16}}],"line":13}},"s":{"0":2,"1":2,"2":2},"f":{"0":2},"b":{"0":[0]},"_coverageSchema":"1a1c01bbd47fc00a2c39e90264f33305004495a9","hash":"8ca7cde07f7f30ef05643f3fcf8cb55b3a05a3e7"}
,"/Users/enriquevillon/Documents/software-engineer/react-native/challengeFemsa/src/hooks/useMovements.tsx": {"path":"/Users/enriquevillon/Documents/software-engineer/react-native/challengeFemsa/src/hooks/useMovements.tsx","statementMap":{"0":{"start":{"line":7,"column":28},"end":{"line":54,"column":1}},"1":{"start":{"line":8,"column":34},"end":{"line":8,"column":57}},"2":{"start":{"line":9,"column":40},"end":{"line":9,"column":59}},"3":{"start":{"line":11,"column":50},"end":{"line":13,"column":10}},"4":{"start":{"line":15,"column":28},"end":{"line":21,"column":14}},"5":{"start":{"line":16,"column":4},"end":{"line":21,"column":14}},"6":{"start":{"line":16,"column":54},"end":{"line":21,"column":5}},"7":{"start":{"line":23,"column":23},"end":{"line":27,"column":3}},"8":{"start":{"line":24,"column":21},"end":{"line":24,"column":43}},"9":{"start":{"line":25,"column":4},"end":{"line":25,"column":26}},"10":{"start":{"line":26,"column":4},"end":{"line":26,"column":48}},"11":{"start":{"line":29,"column":26},"end":{"line":32,"column":25}},"12":{"start":{"line":30,"column":4},"end":{"line":32,"column":25}},"13":{"start":{"line":34,"column":27},"end":{"line":39,"column":3}},"14":{"start":{"line":35,"column":16},"end":{"line":35,"column":77}},"15":{"start":{"line":35,"column":54},"end":{"line":35,"column":76}},"16":{"start":{"line":37,"column":6},"end":{"line":37,"column":66}},"17":{"start":{"line":37,"column":44},"end":{"line":37,"column":65}},"18":{"start":{"line":38,"column":15},"end":{"line":38,"column":23}},"19":{"start":{"line":41,"column":2},"end":{"line":43,"column":9}},"20":{"start":{"line":42,"column":4},"end":{"line":42,"column":19}},"21":{"start":{"line":45,"column":2},"end":{"line":53,"column":4}}},"fnMap":{"0":{"name":"(anonymous_0)","decl":{"start":{"line":7,"column":28},"end":{"line":7,"column":29}},"loc":{"start":{"line":7,"column":34},"end":{"line":54,"column":1}},"line":7},"1":{"name":"(anonymous_1)","decl":{"start":{"line":15,"column":28},"end":{"line":15,"column":29}},"loc":{"start":{"line":16,"column":4},"end":{"line":21,"column":14}},"line":16},"2":{"name":"(anonymous_2)","decl":{"start":{"line":16,"column":17},"end":{"line":16,"column":18}},"loc":{"start":{"line":16,"column":54},"end":{"line":21,"column":5}},"line":16},"3":{"name":"(anonymous_3)","decl":{"start":{"line":23,"column":23},"end":{"line":23,"column":24}},"loc":{"start":{"line":23,"column":35},"end":{"line":27,"column":3}},"line":23},"4":{"name":"(anonymous_4)","decl":{"start":{"line":29,"column":26},"end":{"line":29,"column":27}},"loc":{"start":{"line":30,"column":4},"end":{"line":32,"column":25}},"line":30},"5":{"name":"(anonymous_5)","decl":{"start":{"line":35,"column":10},"end":{"line":35,"column":11}},"loc":{"start":{"line":35,"column":16},"end":{"line":35,"column":77}},"line":35},"6":{"name":"(anonymous_6)","decl":{"start":{"line":35,"column":32},"end":{"line":35,"column":33}},"loc":{"start":{"line":35,"column":54},"end":{"line":35,"column":76}},"line":35},"7":{"name":"(anonymous_7)","decl":{"start":{"line":36,"column":14},"end":{"line":36,"column":15}},"loc":{"start":{"line":37,"column":6},"end":{"line":37,"column":66}},"line":37},"8":{"name":"(anonymous_8)","decl":{"start":{"line":37,"column":22},"end":{"line":37,"column":23}},"loc":{"start":{"line":37,"column":44},"end":{"line":37,"column":65}},"line":37},"9":{"name":"(anonymous_9)","decl":{"start":{"line":38,"column":9},"end":{"line":38,"column":10}},"loc":{"start":{"line":38,"column":15},"end":{"line":38,"column":23}},"line":38},"10":{"name":"(anonymous_10)","decl":{"start":{"line":41,"column":12},"end":{"line":41,"column":13}},"loc":{"start":{"line":41,"column":18},"end":{"line":43,"column":3}},"line":41}},"branchMap":{"0":{"loc":{"start":{"line":18,"column":14},"end":{"line":20,"column":45}},"type":"cond-expr","locations":[{"start":{"line":19,"column":10},"end":{"line":19,"column":45}},{"start":{"line":20,"column":10},"end":{"line":20,"column":45}}],"line":18}},"s":{"0":2,"1":2,"2":1,"3":1,"4":1,"5":0,"6":0,"7":1,"8":1,"9":0,"10":0,"11":1,"12":1,"13":1,"14":0,"15":0,"16":0,"17":0,"18":1,"19":1,"20":1,"21":1},"f":{"0":2,"1":0,"2":0,"3":1,"4":1,"5":0,"6":0,"7":0,"8":0,"9":1,"10":1},"b":{"0":[0,0]},"_coverageSchema":"1a1c01bbd47fc00a2c39e90264f33305004495a9","hash":"45a57cb5997f794954360b6f44ae02a8e2a4df46"}
,"/Users/enriquevillon/Documents/software-engineer/react-native/challengeFemsa/src/navigation/Navigation.tsx": {"path":"/Users/enriquevillon/Documents/software-engineer/react-native/challengeFemsa/src/navigation/Navigation.tsx","statementMap":{"0":{"start":{"line":7,"column":14},"end":{"line":7,"column":36}},"1":{"start":{"line":10,"column":2},"end":{"line":42,"column":4}},"2":{"start":{"line":21,"column":38},"end":{"line":38,"column":11}},"3":{"start":{"line":36,"column":30},"end":{"line":36,"column":34}}},"fnMap":{"0":{"name":"Navigation","decl":{"start":{"line":9,"column":24},"end":{"line":9,"column":34}},"loc":{"start":{"line":9,"column":37},"end":{"line":43,"column":1}},"line":9},"1":{"name":"(anonymous_1)","decl":{"start":{"line":21,"column":19},"end":{"line":21,"column":20}},"loc":{"start":{"line":21,"column":38},"end":{"line":38,"column":11}},"line":21},"2":{"name":"(anonymous_2)","decl":{"start":{"line":36,"column":24},"end":{"line":36,"column":25}},"loc":{"start":{"line":36,"column":30},"end":{"line":36,"column":34}},"line":36}},"branchMap":{},"s":{"0":1,"1":1,"2":0,"3":0},"f":{"0":1,"1":0,"2":0},"b":{},"_coverageSchema":"1a1c01bbd47fc00a2c39e90264f33305004495a9","hash":"abcb547685ef4dbb5e5e1a1aa9553094edd1e12b"}
,"/Users/enriquevillon/Documents/software-engineer/react-native/challengeFemsa/src/screens/Home/HomeScreen.tsx": {"path":"/Users/enriquevillon/Documents/software-engineer/react-native/challengeFemsa/src/screens/Home/HomeScreen.tsx","statementMap":{"0":{"start":{"line":8,"column":26},"end":{"line":103,"column":1}},"1":{"start":{"line":16,"column":6},"end":{"line":16,"column":20}},"2":{"start":{"line":18,"column":2},"end":{"line":102,"column":4}},"3":{"start":{"line":58,"column":16},"end":{"line":65,"column":18}},"4":{"start":{"line":64,"column":33},"end":{"line":64,"column":77}},"5":{"start":{"line":67,"column":44},"end":{"line":67,"column":72}},"6":{"start":{"line":68,"column":36},"end":{"line":68,"column":43}},"7":{"start":{"line":77,"column":14},"end":{"line":77,"column":41}},"8":{"start":{"line":86,"column":16},"end":{"line":86,"column":44}},"9":{"start":{"line":93,"column":16},"end":{"line":93,"column":48}},"10":{"start":{"line":105,"column":15},"end":{"line":174,"column":2}}},"fnMap":{"0":{"name":"(anonymous_0)","decl":{"start":{"line":8,"column":26},"end":{"line":8,"column":27}},"loc":{"start":{"line":8,"column":49},"end":{"line":103,"column":1}},"line":8},"1":{"name":"(anonymous_1)","decl":{"start":{"line":57,"column":26},"end":{"line":57,"column":27}},"loc":{"start":{"line":58,"column":16},"end":{"line":65,"column":18}},"line":58},"2":{"name":"(anonymous_2)","decl":{"start":{"line":64,"column":27},"end":{"line":64,"column":28}},"loc":{"start":{"line":64,"column":33},"end":{"line":64,"column":77}},"line":64},"3":{"name":"(anonymous_3)","decl":{"start":{"line":67,"column":38},"end":{"line":67,"column":39}},"loc":{"start":{"line":67,"column":44},"end":{"line":67,"column":72}},"line":67},"4":{"name":"(anonymous_4)","decl":{"start":{"line":68,"column":28},"end":{"line":68,"column":29}},"loc":{"start":{"line":68,"column":36},"end":{"line":68,"column":43}},"line":68},"5":{"name":"(anonymous_5)","decl":{"start":{"line":76,"column":21},"end":{"line":76,"column":22}},"loc":{"start":{"line":76,"column":27},"end":{"line":78,"column":13}},"line":76},"6":{"name":"(anonymous_6)","decl":{"start":{"line":85,"column":23},"end":{"line":85,"column":24}},"loc":{"start":{"line":85,"column":29},"end":{"line":87,"column":15}},"line":85},"7":{"name":"(anonymous_7)","decl":{"start":{"line":92,"column":23},"end":{"line":92,"column":24}},"loc":{"start":{"line":92,"column":29},"end":{"line":94,"column":15}},"line":92}},"branchMap":{"0":{"loc":{"start":{"line":54,"column":11},"end":{"line":70,"column":11}},"type":"binary-expr","locations":[{"start":{"line":54,"column":11},"end":{"line":54,"column":19}},{"start":{"line":55,"column":12},"end":{"line":69,"column":14}}],"line":54},"1":{"loc":{"start":{"line":74,"column":9},"end":{"line":99,"column":9}},"type":"cond-expr","locations":[{"start":{"line":75,"column":10},"end":{"line":81,"column":12}},{"start":{"line":83,"column":10},"end":{"line":98,"column":13}}],"line":74},"2":{"loc":{"start":{"line":74,"column":9},"end":{"line":74,"column":71}},"type":"binary-expr","locations":[{"start":{"line":74,"column":9},"end":{"line":74,"column":36}},{"start":{"line":74,"column":40},"end":{"line":74,"column":71}}],"line":74}},"s":{"0":1,"1":1,"2":1,"3":0,"4":0,"5":0,"6":0,"7":0,"8":0,"9":0,"10":1},"f":{"0":1,"1":0,"2":0,"3":0,"4":0,"5":0,"6":0,"7":0},"b":{"0":[1,1],"1":[0,1],"2":[1,1]},"_coverageSchema":"1a1c01bbd47fc00a2c39e90264f33305004495a9","hash":"1abef6261037f6d43cb446bf26a83fe7b49d4b66"}
,"/Users/enriquevillon/Documents/software-engineer/react-native/challengeFemsa/src/screens/ProductDetail/ProductDetailScreen.tsx": {"path":"/Users/enriquevillon/Documents/software-engineer/react-native/challengeFemsa/src/screens/ProductDetail/ProductDetailScreen.tsx","statementMap":{"0":{"start":{"line":7,"column":35},"end":{"line":40,"column":1}},"1":{"start":{"line":8,"column":26},"end":{"line":8,"column":47}},"2":{"start":{"line":9,"column":2},"end":{"line":39,"column":4}},"3":{"start":{"line":34,"column":12},"end":{"line":34,"column":40}},"4":{"start":{"line":42,"column":15},"end":{"line":89,"column":2}}},"fnMap":{"0":{"name":"(anonymous_0)","decl":{"start":{"line":7,"column":35},"end":{"line":7,"column":36}},"loc":{"start":{"line":7,"column":65},"end":{"line":40,"column":1}},"line":7},"1":{"name":"(anonymous_1)","decl":{"start":{"line":33,"column":19},"end":{"line":33,"column":20}},"loc":{"start":{"line":33,"column":25},"end":{"line":35,"column":11}},"line":33}},"branchMap":{"0":{"loc":{"start":{"line":24,"column":11},"end":{"line":24,"column":74}},"type":"cond-expr","locations":[{"start":{"line":24,"column":46},"end":{"line":24,"column":58}},{"start":{"line":24,"column":61},"end":{"line":24,"column":74}}],"line":24}},"s":{"0":2,"1":1,"2":1,"3":0,"4":2},"f":{"0":1,"1":0},"b":{"0":[0,0]},"_coverageSchema":"1a1c01bbd47fc00a2c39e90264f33305004495a9","hash":"18473ab24c624d9596bee2767474d3e86f16a9e8"}
,"/Users/enriquevillon/Documents/software-engineer/react-native/challengeFemsa/src/services/ProductService.ts": {"path":"/Users/enriquevillon/Documents/software-engineer/react-native/challengeFemsa/src/services/ProductService.ts","statementMap":{"0":{"start":{"line":5,"column":30},"end":{"line":12,"column":1}},"1":{"start":{"line":6,"column":2},"end":{"line":11,"column":3}},"2":{"start":{"line":7,"column":21},"end":{"line":7,"column":60}},"3":{"start":{"line":8,"column":4},"end":{"line":8,"column":25}},"4":{"start":{"line":10,"column":4},"end":{"line":10,"column":23}}},"fnMap":{"0":{"name":"(anonymous_0)","decl":{"start":{"line":5,"column":30},"end":{"line":5,"column":31}},"loc":{"start":{"line":5,"column":42},"end":{"line":12,"column":1}},"line":5}},"branchMap":{},"s":{"0":2,"1":1,"2":1,"3":0,"4":0},"f":{"0":1},"b":{},"_coverageSchema":"1a1c01bbd47fc00a2c39e90264f33305004495a9","hash":"a9199444631ffee384a280a8400ab5b9a126af94"}
,"/Users/enriquevillon/Documents/software-engineer/react-native/challengeFemsa/src/theme/Theme.tsx": {"path":"/Users/enriquevillon/Documents/software-engineer/react-native/challengeFemsa/src/theme/Theme.tsx","statementMap":{"0":{"start":{"line":3,"column":27},"end":{"line":8,"column":2}}},"fnMap":{},"branchMap":{},"s":{"0":3},"f":{},"b":{},"_coverageSchema":"1a1c01bbd47fc00a2c39e90264f33305004495a9","hash":"c2a52d1c9e07646a6ab82542a968814a5cfabf6e"}
,"/Users/enriquevillon/Documents/software-engineer/react-native/challengeFemsa/src/utils/Formats.ts": {"path":"/Users/enriquevillon/Documents/software-engineer/react-native/challengeFemsa/src/utils/Formats.ts","statementMap":{"0":{"start":{"line":1,"column":26},"end":{"line":8,"column":41}},"1":{"start":{"line":2,"column":2},"end":{"line":8,"column":41}},"2":{"start":{"line":10,"column":36},"end":{"line":12,"column":1}},"3":{"start":{"line":11,"column":2},"end":{"line":11,"column":65}}},"fnMap":{"0":{"name":"(anonymous_0)","decl":{"start":{"line":1,"column":26},"end":{"line":1,"column":27}},"loc":{"start":{"line":2,"column":2},"end":{"line":8,"column":41}},"line":2},"1":{"name":"(anonymous_1)","decl":{"start":{"line":10,"column":36},"end":{"line":10,"column":37}},"loc":{"start":{"line":10,"column":54},"end":{"line":12,"column":1}},"line":10}},"branchMap":{},"s":{"0":4,"1":3,"2":4,"3":1},"f":{"0":3,"1":1},"b":{},"_coverageSchema":"1a1c01bbd47fc00a2c39e90264f33305004495a9","hash":"c3fba1acddd5b9ece7ec31de885c98c1e4a5e3d6"}
}
