TN:
SF:App.tsx
FN:15,(anonymous_0)
FNF:1
FNH:1
FNDA:1,(anonymous_0)
DA:15,1
DA:16,1
LF:2
LH:2
BRF:0
BRH:0
end_of_record
TN:
SF:src/api/Api.ts
FNF:0
FNH:0
DA:1,2
LF:1
LH:1
BRF:0
BRH:0
end_of_record
TN:
SF:src/components/CardProductComponent/CardProductComponent.tsx
FN:21,(anonymous_0)
FNF:1
FNH:1
FNDA:2,(anonymous_0)
DA:21,2
DA:29,2
DA:57,2
LF:3
LH:3
BRDA:45,0,0,0
BRDA:45,0,1,2
BRF:2
BRH:1
end_of_record
TN:
SF:src/components/PrimaryButton/PrimaryButton.tsx
FN:10,(anonymous_0)
FNF:1
FNH:1
FNDA:2,(anonymous_0)
DA:10,2
DA:15,2
DA:24,2
LF:3
LH:3
BRDA:13,0,0,0
BRF:1
BRH:0
end_of_record
TN:
SF:src/hooks/useMovements.tsx
FN:7,(anonymous_0)
FN:15,(anonymous_1)
FN:16,(anonymous_2)
FN:23,(anonymous_3)
FN:29,(anonymous_4)
FN:35,(anonymous_5)
FN:35,(anonymous_6)
FN:36,(anonymous_7)
FN:37,(anonymous_8)
FN:38,(anonymous_9)
FN:41,(anonymous_10)
FNF:11
FNH:5
FNDA:2,(anonymous_0)
FNDA:0,(anonymous_1)
FNDA:0,(anonymous_2)
FNDA:1,(anonymous_3)
FNDA:1,(anonymous_4)
FNDA:0,(anonymous_5)
FNDA:0,(anonymous_6)
FNDA:0,(anonymous_7)
FNDA:0,(anonymous_8)
FNDA:1,(anonymous_9)
FNDA:1,(anonymous_10)
DA:7,2
DA:8,2
DA:9,1
DA:11,1
DA:15,1
DA:16,0
DA:23,1
DA:24,1
DA:25,0
DA:26,0
DA:29,1
DA:30,1
DA:34,1
DA:35,0
DA:37,0
DA:38,1
DA:41,1
DA:42,1
DA:45,1
LF:19
LH:14
BRDA:18,0,0,0
BRDA:18,0,1,0
BRF:2
BRH:0
end_of_record
TN:
SF:src/navigation/Navigation.tsx
FN:9,Navigation
FN:21,(anonymous_1)
FN:36,(anonymous_2)
FNF:3
FNH:1
FNDA:1,Navigation
FNDA:0,(anonymous_1)
FNDA:0,(anonymous_2)
DA:7,1
DA:10,1
DA:21,0
DA:36,0
LF:4
LH:2
BRF:0
BRH:0
end_of_record
TN:
SF:src/screens/Home/HomeScreen.tsx
FN:8,(anonymous_0)
FN:57,(anonymous_1)
FN:64,(anonymous_2)
FN:67,(anonymous_3)
FN:68,(anonymous_4)
FN:76,(anonymous_5)
FN:85,(anonymous_6)
FN:92,(anonymous_7)
FNF:8
FNH:1
FNDA:1,(anonymous_0)
FNDA:0,(anonymous_1)
FNDA:0,(anonymous_2)
FNDA:0,(anonymous_3)
FNDA:0,(anonymous_4)
FNDA:0,(anonymous_5)
FNDA:0,(anonymous_6)
FNDA:0,(anonymous_7)
DA:8,1
DA:16,1
DA:18,1
DA:58,0
DA:64,0
DA:67,0
DA:68,0
DA:77,0
DA:86,0
DA:93,0
DA:105,1
LF:11
LH:4
BRDA:54,0,0,1
BRDA:54,0,1,1
BRDA:74,1,0,0
BRDA:74,1,1,1
BRDA:74,2,0,1
BRDA:74,2,1,1
BRF:6
BRH:5
end_of_record
TN:
SF:src/screens/ProductDetail/ProductDetailScreen.tsx
FN:7,(anonymous_0)
FN:33,(anonymous_1)
FNF:2
FNH:1
FNDA:1,(anonymous_0)
FNDA:0,(anonymous_1)
DA:7,2
DA:8,1
DA:9,1
DA:34,0
DA:42,2
LF:5
LH:4
BRDA:24,0,0,0
BRDA:24,0,1,0
BRF:2
BRH:0
end_of_record
TN:
SF:src/services/ProductService.ts
FN:5,(anonymous_0)
FNF:1
FNH:1
FNDA:1,(anonymous_0)
DA:5,2
DA:6,1
DA:7,1
DA:8,0
DA:10,0
LF:5
LH:3
BRF:0
BRH:0
end_of_record
TN:
SF:src/theme/Theme.tsx
FNF:0
FNH:0
DA:3,3
LF:1
LH:1
BRF:0
BRH:0
end_of_record
TN:
SF:src/utils/Formats.ts
FN:1,(anonymous_0)
FN:10,(anonymous_1)
FNF:2
FNH:2
FNDA:3,(anonymous_0)
FNDA:1,(anonymous_1)
DA:1,4
DA:2,3
DA:10,4
DA:11,1
LF:4
LH:4
BRF:0
BRH:0
end_of_record
